16:19:29 **** Incremental Build of configuration Debug for project hotspot ****
make -C /home/gfrost/lambda/lambda DEBUG_NAME=fastdebug NO_DOCS=true NO_IMAGES=true DEV_ONLY=true LANG=C ZIP_DEBUGINFO_FILES=0 HOTSPOT_BUILD_JOBS=4 ALLOW_DOWNLOADS=true HOTSPOT_BUILD_JOBS=4 PARALLEL_COMPILE_JOBS=4 NO_DOCS=true NO_IMAGES=true DEV_ONLY=true ALT_BOOTDIR=/usr/lib/jvm/java-7-openjdk-amd64 hotspot 
make: Entering directory `/home/gfrost/lambda/lambda'
/bin/mkdir -p /home/gfrost/lambda/lambda/build/linux-amd64/hotspot/outputdir
/bin/mkdir -p /home/gfrost/lambda/lambda/build/linux-amd64/hotspot/import


########################################################################
########################################################################
##### Entering hotspot for target(s) all_fastdebug                 #####
########################################################################

cd  ./hotspot/make && \
	    make JDK_TOPDIR=/home/gfrost/lambda/lambda/jdk JDK_MAKE_SHARED_DIR=/home/gfrost/lambda/lambda/jdk/make/common/shared EXTERNALSANITYCONTROL=true SOURCE_LANGUAGE_VERSION=8 TARGET_CLASS_VERSION=8 MILESTONE=internal BUILD_NUMBER=b00 JDK_BUILD_NUMBER=b00 FULL_VERSION=1.8.0-internal-fastdebug-gfrost_2012_12_18_16_19-b00 PREVIOUS_JDK_VERSION=1.7.0 JDK_VERSION=1.8.0 JDK_MKTG_VERSION=8 JDK_MAJOR_VERSION=1 JDK_MINOR_VERSION=8 JDK_MICRO_VERSION=0 PREVIOUS_MAJOR_VERSION=1 PREVIOUS_MINOR_VERSION=7 PREVIOUS_MICRO_VERSION=0 OPENJDK=true ARCH_DATA_MODEL=64 VARIANT=DBG FASTDEBUG=true DEBUG_CLASSFILES=true COOKED_BUILD_NUMBER=0 ALT_OUTPUTDIR=/home/gfrost/lambda/lambda/build/linux-amd64/hotspot/outputdir ALT_EXPORT_PATH=/home/gfrost/lambda/lambda/build/linux-amd64/hotspot/import BUILD_FLAVOR=fastdebug ALT_SLASH_JAVA=/NOT-SET ALT_BOOTDIR=/usr/lib/jvm/java-7-openjdk-amd64 ALT_LANGTOOLS_DIST=/home/gfrost/lambda/lambda/build/linux-amd64/langtools/dist ZIP_DEBUGINFO_FILES="0" all_fastdebug
INFO: ENABLE_FULL_DEBUG_SYMBOLS=1
make[1]: Entering directory `/home/gfrost/lambda/lambda/hotspot/make'
INFO: /usr/bin/objcopy cmd found so will create .debuginfo files.
cd /home/gfrost/lambda/lambda/hotspot/make; \
INFO: STRIP_POLICY=min_strip
	make BUILD_FLAVOR=fastdebug VM_TARGET=fastdebug generic_build2 ALT_OUTPUTDIR=/home/gfrost/lambda/lambda/build/linux-amd64/hotspot/outputdir
make[2]: Entering directory `/home/gfrost/lambda/lambda/hotspot/make'
INFO: ZIP_DEBUGINFO_FILES=0
mkdir -p /home/gfrost/lambda/lambda/build/linux-amd64/hotspot/outputdir
INFO: ENABLE_FULL_DEBUG_SYMBOLS=1
cd /home/gfrost/lambda/lambda/build/linux-amd64/hotspot/outputdir; \
INFO: /usr/bin/objcopy cmd found so will create .debuginfo files.
	    make -f /home/gfrost/lambda/lambda/hotspot/make/linux/Makefile \
INFO: STRIP_POLICY=min_strip
		       LP64=1 JAVA_HOME=/usr/lib/jvm/java-7-openjdk-amd64 OUTPUTDIR=/home/gfrost/lambda/lambda/build/linux-amd64/hotspot/outputdir GAMMADIR=/home/gfrost/lambda/lambda/hotspot MAKE_VERBOSE=y HOTSPOT_RELEASE_VERSION=25.0-b11 JRE_RELEASE_VERSION=1.8.0-internal-fastdebug-gfrost_2012_12_18_16_19-b00 HOTSPOT_BUILD_VERSION= fastdebug
INFO: ZIP_DEBUGINFO_FILES=0
make[3]: Entering directory `/home/gfrost/lambda/lambda/build/linux-amd64/hotspot/outputdir'
cd linux_amd64_compiler2/fastdebug && make -w " LP64=1 "
make[4]: Entering directory `/home/gfrost/lambda/lambda/build/linux-amd64/hotspot/outputdir/linux_amd64_compiler2/fastdebug'
make[5]: Entering directory `/home/gfrost/lambda/lambda/build/linux-amd64/hotspot/outputdir/linux_amd64_compiler2/fastdebug'
../generated/adfiles/adlc -DLINUX -D_GNU_SOURCE -DAMD64 -q -T -g -D_LP64 ../generated/adfiles/linux_x86_64.ad  \
 -c../generated/adfiles/mktmp28960/ad_x86_64.cpp -h../generated/adfiles/mktmp28960/ad_x86_64.hpp -a../generated/adfiles/mktmp28960/dfa_x86_64.cpp -v../generated/adfiles/mktmp28960/adGlobals_x86_64.hpp \
	    || { rm -rf ../generated/adfiles/mktmp28960; exit 1; }
INFO: ENABLE_FULL_DEBUG_SYMBOLS=1
INFO: /usr/bin/objcopy cmd found so will create .debuginfo files.
INFO: STRIP_POLICY=min_strip
INFO: ZIP_DEBUGINFO_FILES=0
./adlc_updater ad_x86_64.cpp ../generated/adfiles/mktmp28960 ../generated/adfiles
./adlc_updater ad_x86_64.hpp ../generated/adfiles/mktmp28960 ../generated/adfiles
./adlc_updater ad_x86_64_clone.cpp ../generated/adfiles/mktmp28960 ../generated/adfiles
./adlc_updater ad_x86_64_expand.cpp ../generated/adfiles/mktmp28960 ../generated/adfiles
./adlc_updater ad_x86_64_format.cpp ../generated/adfiles/mktmp28960 ../generated/adfiles
./adlc_updater ad_x86_64_gen.cpp ../generated/adfiles/mktmp28960 ../generated/adfiles
./adlc_updater ad_x86_64_misc.cpp ../generated/adfiles/mktmp28960 ../generated/adfiles
./adlc_updater ad_x86_64_peephole.cpp ../generated/adfiles/mktmp28960 ../generated/adfiles
./adlc_updater ad_x86_64_pipeline.cpp ../generated/adfiles/mktmp28960 ../generated/adfiles
./adlc_updater adGlobals_x86_64.hpp ../generated/adfiles/mktmp28960 ../generated/adfiles
./adlc_updater dfa_x86_64.cpp ../generated/adfiles/mktmp28960 ../generated/adfiles
[ -f ../generated/adfiles/mktmp28960/made-change ] \
		|| echo "Rescanned ../generated/adfiles/linux_x86_64.ad  but encountered no changes."
Rescanned ../generated/adfiles/linux_x86_64.ad  but encountered no changes.
rm -rf ../generated/adfiles/mktmp28960
make[5]: Leaving directory `/home/gfrost/lambda/lambda/build/linux-amd64/hotspot/outputdir/linux_amd64_compiler2/fastdebug'
make[5]: Entering directory `/home/gfrost/lambda/lambda/build/linux-amd64/hotspot/outputdir/linux_amd64_compiler2/fastdebug'
make[5]: Nothing to be done for `all'.
make[5]: Leaving directory `/home/gfrost/lambda/lambda/build/linux-amd64/hotspot/outputdir/linux_amd64_compiler2/fastdebug'
INFO: ENABLE_FULL_DEBUG_SYMBOLS=1
INFO: /usr/bin/objcopy cmd found so will create .debuginfo files.
INFO: STRIP_POLICY=min_strip
INFO: ZIP_DEBUGINFO_FILES=0
make[5]: Entering directory `/home/gfrost/lambda/lambda/build/linux-amd64/hotspot/outputdir/linux_amd64_compiler2/fastdebug'
if [ -d /home/gfrost/lambda/lambda/hotspot/agent -a "x86" != "ia64" \
             -a "x86" != "zero" ] ; then \
	   make -f sa.make /home/gfrost/lambda/lambda/build/linux-amd64/hotspot/outputdir/linux_amd64_compiler2/fastdebug/../generated/sa-jdi.jar; \
	fi
INFO: ENABLE_FULL_DEBUG_SYMBOLS=1
INFO: /usr/bin/objcopy cmd found so will create .debuginfo files.
INFO: STRIP_POLICY=min_strip
INFO: ZIP_DEBUGINFO_FILES=0
make[6]: Entering directory `/home/gfrost/lambda/lambda/build/linux-amd64/hotspot/outputdir/linux_amd64_compiler2/fastdebug'
make[6]: `/home/gfrost/lambda/lambda/build/linux-amd64/hotspot/outputdir/linux_amd64_compiler2/fastdebug/../generated/sa-jdi.jar' is up to date.
make[6]: Leaving directory `/home/gfrost/lambda/lambda/build/linux-amd64/hotspot/outputdir/linux_amd64_compiler2/fastdebug'
make[5]: Leaving directory `/home/gfrost/lambda/lambda/build/linux-amd64/hotspot/outputdir/linux_amd64_compiler2/fastdebug'
INFO: ENABLE_FULL_DEBUG_SYMBOLS=1
INFO: /usr/bin/objcopy cmd found so will create .debuginfo files.
INFO: STRIP_POLICY=min_strip
INFO: ZIP_DEBUGINFO_FILES=0
make[5]: Entering directory `/home/gfrost/lambda/lambda/build/linux-amd64/hotspot/outputdir/linux_amd64_compiler2/fastdebug'
make[5]: `precompiled.hpp.gch' is up to date.
make[5]: Leaving directory `/home/gfrost/lambda/lambda/build/linux-amd64/hotspot/outputdir/linux_amd64_compiler2/fastdebug'
INFO: ENABLE_FULL_DEBUG_SYMBOLS=1
INFO: /usr/bin/objcopy cmd found so will create .debuginfo files.
INFO: STRIP_POLICY=min_strip
INFO: ZIP_DEBUGINFO_FILES=0
make[5]: Entering directory `/home/gfrost/lambda/lambda/build/linux-amd64/hotspot/outputdir/linux_amd64_compiler2/fastdebug'
echo "**NOTICE** Dtrace support disabled: "/usr/include/sys/sdt.h not found""
**NOTICE** Dtrace support disabled: /usr/include/sys/sdt.h not found
make[5]: Leaving directory `/home/gfrost/lambda/lambda/build/linux-amd64/hotspot/outputdir/linux_amd64_compiler2/fastdebug'
All done.
make[4]: Leaving directory `/home/gfrost/lambda/lambda/build/linux-amd64/hotspot/outputdir/linux_amd64_compiler2/fastdebug'
cd linux_amd64_compiler2/fastdebug && ./test_gamma
java version "1.7.0_09"
OpenJDK Runtime Environment (IcedTea7 2.3.3) (7u9-2.3.3-0ubuntu1~12.10.1)
OpenJDK 64-Bit Server VM (build 25.0-b11-fastdebug, mixed mode)

 1. A1 B5 C8 D6 E3 F7 G2 H4 
 2. A1 B6 C8 D3 E7 F4 G2 H5 
 3. A1 B7 C4 D6 E8 F2 G5 H3 
 4. A1 B7 C5 D8 E2 F4 G6 H3 
 5. A2 B4 C6 D8 E3 F1 G7 H5 
 6. A2 B5 C7 D1 E3 F8 G6 H4 
 7. A2 B5 C7 D4 E1 F8 G6 H3 
 8. A2 B6 C1 D7 E4 F8 G3 H5 
 9. A2 B6 C8 D3 E1 F4 G7 H5 
10. A2 B7 C3 D6 E8 F5 G1 H4 
11. A2 B7 C5 D8 E1 F4 G6 H3 
12. A2 B8 C6 D1 E3 F5 G7 H4 
13. A3 B1 C7 D5 E8 F2 G4 H6 
14. A3 B5 C2 D8 E1 F7 G4 H6 
15. A3 B5 C2 D8 E6 F4 G7 H1 
16. A3 B5 C7 D1 E4 F2 G8 H6 
17. A3 B5 C8 D4 E1 F7 G2 H6 
18. A3 B6 C2 D5 E8 F1 G7 H4 
19. A3 B6 C2 D7 E1 F4 G8 H5 
20. A3 B6 C2 D7 E5 F1 G8 H4 
21. A3 B6 C4 D1 E8 F5 G7 H2 
22. A3 B6 C4 D2 E8 F5 G7 H1 
23. A3 B6 C8 D1 E4 F7 G5 H2 
24. A3 B6 C8 D1 E5 F7 G2 H4 
25. A3 B6 C8 D2 E4 F1 G7 H5 
26. A3 B7 C2 D8 E5 F1 G4 H6 
27. A3 B7 C2 D8 E6 F4 G1 H5 
28. A3 B8 C4 D7 E1 F6 G2 H5 
29. A4 B1 C5 D8 E2 F7 G3 H6 
30. A4 B1 C5 D8 E6 F3 G7 H2 
31. A4 B2 C5 D8 E6 F1 G3 H7 
32. A4 B2 C7 D3 E6 F8 G1 H5 
33. A4 B2 C7 D3 E6 F8 G5 H1 
34. A4 B2 C7 D5 E1 F8 G6 H3 
35. A4 B2 C8 D5 E7 F1 G3 H6 
36. A4 B2 C8 D6 E1 F3 G5 H7 
37. A4 B6 C1 D5 E2 F8 G3 H7 
38. A4 B6 C8 D2 E7 F1 G3 H5 
39. A4 B6 C8 D3 E1 F7 G5 H2 
40. A4 B7 C1 D8 E5 F2 G6 H3 
41. A4 B7 C3 D8 E2 F5 G1 H6 
42. A4 B7 C5 D2 E6 F1 G3 H8 
43. A4 B7 C5 D3 E1 F6 G8 H2 
44. A4 B8 C1 D3 E6 F2 G7 H5 
45. A4 B8 C1 D5 E7 F2 G6 H3 
46. A4 B8 C5 D3 E1 F7 G2 H6 
47. A5 B1 C4 D6 E8 F2 G7 H3 
48. A5 B1 C8 D4 E2 F7 G3 H6 
49. A5 B1 C8 D6 E3 F7 G2 H4 
50. A5 B2 C4 D6 E8 F3 G1 H7 
51. A5 B2 C4 D7 E3 F8 G6 H1 
52. A5 B2 C6 D1 E7 F4 G8 H3 
53. A5 B2 C8 D1 E4 F7 G3 H6 
54. A5 B3 C1 D6 E8 F2 G4 H7 
55. A5 B3 C1 D7 E2 F8 G6 H4 
56. A5 B3 C8 D4 E7 F1 G6 H2 
57. A5 B7 C1 D3 E8 F6 G4 H2 
58. A5 B7 C1 D4 E2 F8 G6 H3 
59. A5 B7 C2 D4 E8 F1 G3 H6 
60. A5 B7 C2 D6 E3 F1 G4 H8 
61. A5 B7 C2 D6 E3 F1 G8 H4 
62. A5 B7 C4 D1 E3 F8 G6 H2 
63. A5 B8 C4 D1 E3 F6 G2 H7 
64. A5 B8 C4 D1 E7 F2 G6 H3 
65. A6 B1 C5 D2 E8 F3 G7 H4 
66. A6 B2 C7 D1 E3 F5 G8 H4 
67. A6 B2 C7 D1 E4 F8 G5 H3 
68. A6 B3 C1 D7 E5 F8 G2 H4 
69. A6 B3 C1 D8 E4 F2 G7 H5 
70. A6 B3 C1 D8 E5 F2 G4 H7 
71. A6 B3 C5 D7 E1 F4 G2 H8 
72. A6 B3 C5 D8 E1 F4 G2 H7 
73. A6 B3 C7 D2 E4 F8 G1 H5 
74. A6 B3 C7 D2 E8 F5 G1 H4 
75. A6 B3 C7 D4 E1 F8 G2 H5 
76. A6 B4 C1 D5 E8 F2 G7 H3 
77. A6 B4 C2 D8 E5 F7 G1 H3 
78. A6 B4 C7 D1 E3 F5 G2 H8 
79. A6 B4 C7 D1 E8 F2 G5 H3 
80. A6 B8 C2 D4 E1 F7 G5 H3 
81. A7 B1 C3 D8 E6 F4 G2 H5 
82. A7 B2 C4 D1 E8 F5 G3 H6 
83. A7 B2 C6 D3 E1 F4 G8 H5 
84. A7 B3 C1 D6 E8 F5 G2 H4 
85. A7 B3 C8 D2 E5 F1 G6 H4 
86. A7 B4 C2 D5 E8 F1 G3 H6 
87. A7 B4 C2 D8 E6 F1 G3 H5 
88. A7 B5 C3 D1 E6 F8 G2 H4 
89. A8 B2 C4 D1 E7 F5 G3 H6 
90. A8 B2 C5 D3 E1 F7 G4 H6 
91. A8 B3 C1 D6 E2 F5 G7 H4 
92. A8 B4 C1 D3 E6 F2 G7 H5 
Using java runtime at: /usr/lib/jvm/java-7-openjdk-amd64/jre
make[3]: Leaving directory `/home/gfrost/lambda/lambda/build/linux-amd64/hotspot/outputdir'
make[2]: Leaving directory `/home/gfrost/lambda/lambda/hotspot/make'
cd /home/gfrost/lambda/lambda/hotspot/make; \
	make BUILD_FLAVOR=fastdebug VM_TARGET=fastdebug1 generic_build1 ALT_OUTPUTDIR=/home/gfrost/lambda/lambda/build/linux-amd64/hotspot/outputdir
INFO: ENABLE_FULL_DEBUG_SYMBOLS=1
INFO: /usr/bin/objcopy cmd found so will create .debuginfo files.
INFO: STRIP_POLICY=min_strip
INFO: ZIP_DEBUGINFO_FILES=0
make[2]: Entering directory `/home/gfrost/lambda/lambda/hotspot/make'
mkdir -p /home/gfrost/lambda/lambda/build/linux-amd64/hotspot/outputdir
No compiler1 (fastdebug1) for ARCH_DATA_MODEL=64
make[2]: Leaving directory `/home/gfrost/lambda/lambda/hotspot/make'
cd /home/gfrost/lambda/lambda/build/linux-amd64/hotspot/outputdir; \
	    make -f /home/gfrost/lambda/lambda/hotspot/make/linux/Makefile \
		       LP64=1 JAVA_HOME=/usr/lib/jvm/java-7-openjdk-amd64 OUTPUTDIR=/home/gfrost/lambda/lambda/build/linux-amd64/hotspot/outputdir GAMMADIR=/home/gfrost/lambda/lambda/hotspot MAKE_VERBOSE=y HOTSPOT_RELEASE_VERSION=25.0-b11 JRE_RELEASE_VERSION=1.8.0-internal-fastdebug-gfrost_2012_12_18_16_19-b00 HOTSPOT_BUILD_VERSION= BUILD_FLAVOR=product docs
INFO: ENABLE_FULL_DEBUG_SYMBOLS=1
make[2]: Entering directory `/home/gfrost/lambda/lambda/build/linux-amd64/hotspot/outputdir'
INFO: /usr/bin/objcopy cmd found so will create .debuginfo files.
/usr/lib/jvm/java-7-openjdk-amd64/bin/javap javax.xml.transform.TransformerFactory > /dev/null 2>&1; \
	if [ $? -ne 0 ]; then \
	   /usr/lib/jvm/java-7-openjdk-amd64/bin/java -version; \
	  echo "*** An XSLT processor (J2SE 1.4.x or newer) is required" \
	  "to bootstrap this build" 1>&2; \
	  exit 1; \
	fi
INFO: STRIP_POLICY=min_strip
INFO: ZIP_DEBUGINFO_FILES=0
mkdir -p linux_amd64_docs
make -f /home/gfrost/lambda/lambda/hotspot/make/linux/makefiles/jvmti.make -w " LP64=1 " GAMMADIR=/home/gfrost/lambda/lambda/hotspot OS_FAMILY=linux SRCARCH=x86 BUILDARCH=amd64 LIBARCH=amd64 HOTSPOT_RELEASE_VERSION=25.0-b11 HOTSPOT_BUILD_VERSION= JRE_RELEASE_VERSION=1.8.0-internal-fastdebug-gfrost_2012_12_18_16_19-b00 ENABLE_FULL_DEBUG_SYMBOLS=1 OBJCOPY=/usr/bin/objcopy STRIP_POLICY=min_strip ZIP_DEBUGINFO_FILES=0 ZIPEXE=zip JvmtiOutDir=linux_amd64_docs BUILD_FLAVOR=product jvmtidocs
INFO: ENABLE_FULL_DEBUG_SYMBOLS=1
make[3]: Entering directory `/home/gfrost/lambda/lambda/build/linux-amd64/hotspot/outputdir'
make[3]: Nothing to be done for `jvmtidocs'.
make[3]: Leaving directory `/home/gfrost/lambda/lambda/build/linux-amd64/hotspot/outputdir'
INFO: /usr/bin/objcopy cmd found so will create .debuginfo files.
make[2]: Leaving directory `/home/gfrost/lambda/lambda/build/linux-amd64/hotspot/outputdir'
make BUILD_FLAVOR=fastdebug VM_SUBDIR=fastdebug \
	  EXPORT_SUBDIR=/fastdebug \
	  generic_export
make[2]: Entering directory `/home/gfrost/lambda/lambda/hotspot/make'
make[2]: Nothing to be done for `generic_export'.
make[2]: Leaving directory `/home/gfrost/lambda/lambda/hotspot/make'
INFO: STRIP_POLICY=min_strip
make[1]: Leaving directory `/home/gfrost/lambda/lambda/hotspot/make'
INFO: ZIP_DEBUGINFO_FILES=0
########################################################################
##### Leaving hotspot for target(s) all_fastdebug                  #####
########################################################################
##### Build time 00:00:07 hotspot for target(s) all_fastdebug      #####
########################################################################

make: Leaving directory `/home/gfrost/lambda/lambda'

16:19:37 Build Finished (took 7s.800ms)

